{"C:\\Users\\isacr\\Documents\\Modulo IV\\PDM\\P3Trip\\src\\model\\repositories\\TravelRepository.ts": {"path":"C:\\Users\\isacr\\Documents\\Modulo IV\\PDM\\P3Trip\\src\\model\\repositories\\TravelRepository.ts","statementMap":{"0":{"start":{"line":8,"column":26},"end":{"line":8,"column":67}},"1":{"start":{"line":10,"column":2},"end":{"line":13,"column":3}},"2":{"start":{"line":11,"column":4},"end":{"line":11,"column":52}},"3":{"start":{"line":12,"column":4},"end":{"line":12,"column":14}},"4":{"start":{"line":15,"column":2},"end":{"line":26,"column":6}},"5":{"start":{"line":15,"column":34},"end":{"line":26,"column":3}},"6":{"start":{"line":30,"column":28},"end":{"line":33,"column":24}},"7":{"start":{"line":35,"column":4},"end":{"line":38,"column":5}},"8":{"start":{"line":36,"column":6},"end":{"line":36,"column":61}},"9":{"start":{"line":37,"column":6},"end":{"line":37,"column":16}},"10":{"start":{"line":40,"column":4},"end":{"line":50,"column":8}},"11":{"start":{"line":40,"column":36},"end":{"line":50,"column":5}}},"fnMap":{"0":{"name":"(anonymous_0)","decl":{"start":{"line":7,"column":2},"end":{"line":7,"column":3}},"loc":{"start":{"line":7,"column":43},"end":{"line":27,"column":1}},"line":7},"1":{"name":"(anonymous_1)","decl":{"start":{"line":15,"column":18},"end":{"line":15,"column":19}},"loc":{"start":{"line":15,"column":34},"end":{"line":26,"column":3}},"line":15},"2":{"name":"(anonymous_2)","decl":{"start":{"line":29,"column":2},"end":{"line":29,"column":3}},"loc":{"start":{"line":29,"column":45},"end":{"line":51,"column":3}},"line":29},"3":{"name":"(anonymous_3)","decl":{"start":{"line":40,"column":20},"end":{"line":40,"column":21}},"loc":{"start":{"line":40,"column":36},"end":{"line":50,"column":5}},"line":40}},"branchMap":{"0":{"loc":{"start":{"line":10,"column":2},"end":{"line":13,"column":3}},"type":"if","locations":[{"start":{"line":10,"column":2},"end":{"line":13,"column":3}},{"start":{},"end":{}}],"line":10},"1":{"loc":{"start":{"line":21,"column":12},"end":{"line":21,"column":30}},"type":"binary-expr","locations":[{"start":{"line":21,"column":12},"end":{"line":21,"column":24}},{"start":{"line":21,"column":28},"end":{"line":21,"column":30}}],"line":21},"2":{"loc":{"start":{"line":22,"column":11},"end":{"line":22,"column":30}},"type":"binary-expr","locations":[{"start":{"line":22,"column":11},"end":{"line":22,"column":21}},{"start":{"line":22,"column":25},"end":{"line":22,"column":30}}],"line":22},"3":{"loc":{"start":{"line":25,"column":12},"end":{"line":25,"column":29}},"type":"binary-expr","locations":[{"start":{"line":25,"column":12},"end":{"line":25,"column":23}},{"start":{"line":25,"column":27},"end":{"line":25,"column":29}}],"line":25},"4":{"loc":{"start":{"line":35,"column":4},"end":{"line":38,"column":5}},"type":"if","locations":[{"start":{"line":35,"column":4},"end":{"line":38,"column":5}},{"start":{},"end":{}}],"line":35},"5":{"loc":{"start":{"line":46,"column":14},"end":{"line":46,"column":32}},"type":"binary-expr","locations":[{"start":{"line":46,"column":14},"end":{"line":46,"column":26}},{"start":{"line":46,"column":30},"end":{"line":46,"column":32}}],"line":46},"6":{"loc":{"start":{"line":47,"column":13},"end":{"line":47,"column":32}},"type":"binary-expr","locations":[{"start":{"line":47,"column":13},"end":{"line":47,"column":23}},{"start":{"line":47,"column":27},"end":{"line":47,"column":32}}],"line":47}},"s":{"0":3,"1":3,"2":1,"3":1,"4":2,"5":2,"6":3,"7":3,"8":1,"9":1,"10":2,"11":2},"f":{"0":3,"1":2,"2":3,"3":2},"b":{"0":[1,2],"1":[2,1],"2":[2,1],"3":[2,1],"4":[1,2],"5":[2,2],"6":[2,1]},"_coverageSchema":"1a1c01bbd47fc00a2c39e90264f33305004495a9","hash":"994a3036be75ced483342e8626dc6fce452a6adc"}
,"C:\\Users\\isacr\\Documents\\Modulo IV\\PDM\\P3Trip\\src\\model\\services\\OfflineStorageService.ts": {"path":"C:\\Users\\isacr\\Documents\\Modulo IV\\PDM\\P3Trip\\src\\model\\services\\OfflineStorageService.ts","statementMap":{"0":{"start":{"line":6,"column":13},"end":{"line":10,"column":1}},"1":{"start":{"line":14,"column":16},"end":{"line":14,"column":60}},"2":{"start":{"line":15,"column":4},"end":{"line":15,"column":38}},"3":{"start":{"line":19,"column":4},"end":{"line":19,"column":72}},"4":{"start":{"line":23,"column":16},"end":{"line":23,"column":60}},"5":{"start":{"line":24,"column":4},"end":{"line":24,"column":38}},"6":{"start":{"line":28,"column":4},"end":{"line":28,"column":72}},"7":{"start":{"line":32,"column":4},"end":{"line":41,"column":5}},"8":{"start":{"line":33,"column":19},"end":{"line":33,"column":45}},"9":{"start":{"line":34,"column":21},"end":{"line":34,"column":57}},"10":{"start":{"line":34,"column":38},"end":{"line":34,"column":56}},"11":{"start":{"line":35,"column":19},"end":{"line":35,"column":72}},"12":{"start":{"line":36,"column":6},"end":{"line":36,"column":37}},"13":{"start":{"line":37,"column":6},"end":{"line":37,"column":58}},"14":{"start":{"line":38,"column":6},"end":{"line":38,"column":75}},"15":{"start":{"line":40,"column":6},"end":{"line":40,"column":75}},"16":{"start":{"line":45,"column":17},"end":{"line":45,"column":43}},"17":{"start":{"line":46,"column":17},"end":{"line":46,"column":48}},"18":{"start":{"line":46,"column":36},"end":{"line":46,"column":47}},"19":{"start":{"line":47,"column":4},"end":{"line":47,"column":35}},"20":{"start":{"line":48,"column":4},"end":{"line":48,"column":47}},"21":{"start":{"line":52,"column":17},"end":{"line":52,"column":43}},"22":{"start":{"line":53,"column":19},"end":{"line":53,"column":55}},"23":{"start":{"line":53,"column":36},"end":{"line":53,"column":54}},"24":{"start":{"line":54,"column":4},"end":{"line":57,"column":5}},"25":{"start":{"line":55,"column":19},"end":{"line":55,"column":56}},"26":{"start":{"line":56,"column":6},"end":{"line":56,"column":37}},"27":{"start":{"line":61,"column":17},"end":{"line":61,"column":43}},"28":{"start":{"line":62,"column":17},"end":{"line":62,"column":48}},"29":{"start":{"line":62,"column":36},"end":{"line":62,"column":47}},"30":{"start":{"line":63,"column":4},"end":{"line":63,"column":35}},"31":{"start":{"line":67,"column":16},"end":{"line":67,"column":59}},"32":{"start":{"line":68,"column":4},"end":{"line":68,"column":38}},"33":{"start":{"line":72,"column":4},"end":{"line":72,"column":71}},"34":{"start":{"line":76,"column":18},"end":{"line":76,"column":39}},"35":{"start":{"line":77,"column":4},"end":{"line":77,"column":42}},"36":{"start":{"line":81,"column":4},"end":{"line":81,"column":28}}},"fnMap":{"0":{"name":"(anonymous_0)","decl":{"start":{"line":13,"column":2},"end":{"line":13,"column":3}},"loc":{"start":{"line":13,"column":44},"end":{"line":16,"column":3}},"line":13},"1":{"name":"(anonymous_1)","decl":{"start":{"line":18,"column":2},"end":{"line":18,"column":3}},"loc":{"start":{"line":18,"column":55},"end":{"line":20,"column":3}},"line":18},"2":{"name":"(anonymous_2)","decl":{"start":{"line":22,"column":2},"end":{"line":22,"column":3}},"loc":{"start":{"line":22,"column":43},"end":{"line":25,"column":3}},"line":22},"3":{"name":"(anonymous_3)","decl":{"start":{"line":27,"column":2},"end":{"line":27,"column":3}},"loc":{"start":{"line":27,"column":54},"end":{"line":29,"column":3}},"line":27},"4":{"name":"(anonymous_4)","decl":{"start":{"line":31,"column":2},"end":{"line":31,"column":3}},"loc":{"start":{"line":31,"column":55},"end":{"line":42,"column":3}},"line":31},"5":{"name":"(anonymous_5)","decl":{"start":{"line":34,"column":31},"end":{"line":34,"column":32}},"loc":{"start":{"line":34,"column":38},"end":{"line":34,"column":56}},"line":34},"6":{"name":"(anonymous_6)","decl":{"start":{"line":44,"column":2},"end":{"line":44,"column":3}},"loc":{"start":{"line":44,"column":53},"end":{"line":49,"column":3}},"line":44},"7":{"name":"(anonymous_7)","decl":{"start":{"line":46,"column":29},"end":{"line":46,"column":30}},"loc":{"start":{"line":46,"column":36},"end":{"line":46,"column":47}},"line":46},"8":{"name":"(anonymous_8)","decl":{"start":{"line":51,"column":2},"end":{"line":51,"column":3}},"loc":{"start":{"line":51,"column":54},"end":{"line":58,"column":3}},"line":51},"9":{"name":"(anonymous_9)","decl":{"start":{"line":53,"column":29},"end":{"line":53,"column":30}},"loc":{"start":{"line":53,"column":36},"end":{"line":53,"column":54}},"line":53},"10":{"name":"(anonymous_10)","decl":{"start":{"line":60,"column":2},"end":{"line":60,"column":3}},"loc":{"start":{"line":60,"column":60},"end":{"line":64,"column":3}},"line":60},"11":{"name":"(anonymous_11)","decl":{"start":{"line":62,"column":29},"end":{"line":62,"column":30}},"loc":{"start":{"line":62,"column":36},"end":{"line":62,"column":47}},"line":62},"12":{"name":"(anonymous_12)","decl":{"start":{"line":66,"column":2},"end":{"line":66,"column":3}},"loc":{"start":{"line":66,"column":41},"end":{"line":69,"column":3}},"line":66},"13":{"name":"(anonymous_13)","decl":{"start":{"line":71,"column":2},"end":{"line":71,"column":3}},"loc":{"start":{"line":71,"column":52},"end":{"line":73,"column":3}},"line":71},"14":{"name":"(anonymous_14)","decl":{"start":{"line":75,"column":2},"end":{"line":75,"column":3}},"loc":{"start":{"line":75,"column":48},"end":{"line":78,"column":3}},"line":75},"15":{"name":"(anonymous_15)","decl":{"start":{"line":80,"column":2},"end":{"line":80,"column":3}},"loc":{"start":{"line":80,"column":36},"end":{"line":82,"column":3}},"line":80}},"branchMap":{"0":{"loc":{"start":{"line":15,"column":11},"end":{"line":15,"column":37}},"type":"cond-expr","locations":[{"start":{"line":15,"column":17},"end":{"line":15,"column":32}},{"start":{"line":15,"column":35},"end":{"line":15,"column":37}}],"line":15},"1":{"loc":{"start":{"line":24,"column":11},"end":{"line":24,"column":37}},"type":"cond-expr","locations":[{"start":{"line":24,"column":17},"end":{"line":24,"column":32}},{"start":{"line":24,"column":35},"end":{"line":24,"column":37}}],"line":24},"2":{"loc":{"start":{"line":35,"column":19},"end":{"line":35,"column":72}},"type":"cond-expr","locations":[{"start":{"line":35,"column":28},"end":{"line":35,"column":32}},{"start":{"line":35,"column":35},"end":{"line":35,"column":72}}],"line":35},"3":{"loc":{"start":{"line":54,"column":4},"end":{"line":57,"column":5}},"type":"if","locations":[{"start":{"line":54,"column":4},"end":{"line":57,"column":5}},{"start":{},"end":{}}],"line":54},"4":{"loc":{"start":{"line":68,"column":11},"end":{"line":68,"column":37}},"type":"cond-expr","locations":[{"start":{"line":68,"column":17},"end":{"line":68,"column":32}},{"start":{"line":68,"column":35},"end":{"line":68,"column":37}}],"line":68}},"s":{"0":5,"1":2,"2":2,"3":1,"4":8,"5":7,"6":5,"7":3,"8":3,"9":2,"10":2,"11":2,"12":2,"13":2,"14":2,"15":1,"16":1,"17":1,"18":1,"19":1,"20":1,"21":2,"22":2,"23":1,"24":2,"25":1,"26":1,"27":1,"28":1,"29":2,"30":1,"31":5,"32":5,"33":4,"34":3,"35":3,"36":1},"f":{"0":2,"1":1,"2":8,"3":5,"4":3,"5":2,"6":1,"7":1,"8":2,"9":1,"10":1,"11":2,"12":5,"13":4,"14":3,"15":1},"b":{"0":[1,1],"1":[6,1],"2":[1,1],"3":[1,1],"4":[4,1]},"_coverageSchema":"1a1c01bbd47fc00a2c39e90264f33305004495a9","hash":"02caeb8bb6617a22b5c56e1e4eb9bb058c66a91c"}
,"C:\\Users\\isacr\\Documents\\Modulo IV\\PDM\\P3Trip\\src\\model\\services\\StorageService.ts": {"path":"C:\\Users\\isacr\\Documents\\Modulo IV\\PDM\\P3Trip\\src\\model\\services\\StorageService.ts","statementMap":{"0":{"start":{"line":7,"column":27},"end":{"line":7,"column":29}},"1":{"start":{"line":9,"column":4},"end":{"line":18,"column":5}},"2":{"start":{"line":10,"column":30},"end":{"line":13,"column":39}},"3":{"start":{"line":15,"column":6},"end":{"line":17,"column":7}},"4":{"start":{"line":16,"column":8},"end":{"line":16,"column":34}},"5":{"start":{"line":19,"column":4},"end":{"line":19,"column":16}},"6":{"start":{"line":24,"column":28},"end":{"line":29,"column":8}},"7":{"start":{"line":31,"column":4},"end":{"line":31,"column":27}},"8":{"start":{"line":31,"column":15},"end":{"line":31,"column":27}},"9":{"start":{"line":32,"column":4},"end":{"line":32,"column":21}},"10":{"start":{"line":37,"column":22},"end":{"line":40,"column":20}},"11":{"start":{"line":42,"column":4},"end":{"line":42,"column":27}},"12":{"start":{"line":42,"column":15},"end":{"line":42,"column":27}},"13":{"start":{"line":44,"column":4},"end":{"line":44,"column":16}}},"fnMap":{"0":{"name":"(anonymous_0)","decl":{"start":{"line":6,"column":2},"end":{"line":6,"column":3}},"loc":{"start":{"line":6,"column":62},"end":{"line":20,"column":3}},"line":6},"1":{"name":"(anonymous_1)","decl":{"start":{"line":23,"column":2},"end":{"line":23,"column":3}},"loc":{"start":{"line":23,"column":57},"end":{"line":33,"column":3}},"line":23},"2":{"name":"(anonymous_2)","decl":{"start":{"line":36,"column":2},"end":{"line":36,"column":3}},"loc":{"start":{"line":36,"column":38},"end":{"line":45,"column":3}},"line":36}},"branchMap":{"0":{"loc":{"start":{"line":15,"column":6},"end":{"line":17,"column":7}},"type":"if","locations":[{"start":{"line":15,"column":6},"end":{"line":17,"column":7}},{"start":{},"end":{}}],"line":15},"1":{"loc":{"start":{"line":31,"column":4},"end":{"line":31,"column":27}},"type":"if","locations":[{"start":{"line":31,"column":4},"end":{"line":31,"column":27}},{"start":{},"end":{}}],"line":31},"2":{"loc":{"start":{"line":42,"column":4},"end":{"line":42,"column":27}},"type":"if","locations":[{"start":{"line":42,"column":4},"end":{"line":42,"column":27}},{"start":{},"end":{}}],"line":42}},"s":{"0":2,"1":2,"2":4,"3":4,"4":3,"5":2,"6":2,"7":2,"8":1,"9":1,"10":2,"11":2,"12":1,"13":1},"f":{"0":2,"1":2,"2":2},"b":{"0":[3,1],"1":[1,1],"2":[1,1]},"_coverageSchema":"1a1c01bbd47fc00a2c39e90264f33305004495a9","hash":"759682c81b06d6c86bbbbc02e08b09f2cab9e0c3"}
,"C:\\Users\\isacr\\Documents\\Modulo IV\\PDM\\P3Trip\\src\\model\\services\\TravelService.ts": {"path":"C:\\Users\\isacr\\Documents\\Modulo IV\\PDM\\P3Trip\\src\\model\\services\\TravelService.ts","statementMap":{"0":{"start":{"line":11,"column":4},"end":{"line":11,"column":45}},"1":{"start":{"line":12,"column":4},"end":{"line":12,"column":47}},"2":{"start":{"line":16,"column":17},"end":{"line":16,"column":54}},"3":{"start":{"line":17,"column":4},"end":{"line":19,"column":5}},"4":{"start":{"line":18,"column":6},"end":{"line":18,"column":46}},"5":{"start":{"line":20,"column":4},"end":{"line":20,"column":72}},"6":{"start":{"line":25,"column":18},"end":{"line":25,"column":47}},"7":{"start":{"line":29,"column":4},"end":{"line":31,"column":5}},"8":{"start":{"line":30,"column":6},"end":{"line":30,"column":48}},"9":{"start":{"line":33,"column":19},"end":{"line":33,"column":58}},"10":{"start":{"line":34,"column":4},"end":{"line":37,"column":5}},"11":{"start":{"line":35,"column":6},"end":{"line":35,"column":47}},"12":{"start":{"line":36,"column":6},"end":{"line":36,"column":20}},"13":{"start":{"line":38,"column":4},"end":{"line":38,"column":46}},"14":{"start":{"line":42,"column":16},"end":{"line":42,"column":20}},"15":{"start":{"line":44,"column":4},"end":{"line":52,"column":5}},"16":{"start":{"line":45,"column":23},"end":{"line":48,"column":21}},"17":{"start":{"line":49,"column":6},"end":{"line":49,"column":29}},"18":{"start":{"line":51,"column":6},"end":{"line":51,"column":16}},"19":{"start":{"line":54,"column":4},"end":{"line":77,"column":5}},"20":{"start":{"line":57,"column":6},"end":{"line":57,"column":88}},"21":{"start":{"line":60,"column":6},"end":{"line":74,"column":7}},"22":{"start":{"line":61,"column":28},"end":{"line":61,"column":63}},"23":{"start":{"line":62,"column":21},"end":{"line":62,"column":55}},"24":{"start":{"line":62,"column":43},"end":{"line":62,"column":54}},"25":{"start":{"line":64,"column":8},"end":{"line":71,"column":9}},"26":{"start":{"line":65,"column":10},"end":{"line":69,"column":11}},"27":{"start":{"line":66,"column":12},"end":{"line":66,"column":73}},"28":{"start":{"line":68,"column":12},"end":{"line":68,"column":53}},"29":{"start":{"line":70,"column":10},"end":{"line":70,"column":22}},"30":{"start":{"line":73,"column":8},"end":{"line":73,"column":64}},"31":{"start":{"line":76,"column":6},"end":{"line":76,"column":19}},"32":{"start":{"line":80,"column":4},"end":{"line":90,"column":23}},"33":{"start":{"line":81,"column":6},"end":{"line":89,"column":7}},"34":{"start":{"line":82,"column":28},"end":{"line":82,"column":63}},"35":{"start":{"line":83,"column":21},"end":{"line":83,"column":55}},"36":{"start":{"line":83,"column":43},"end":{"line":83,"column":54}},"37":{"start":{"line":84,"column":8},"end":{"line":86,"column":9}},"38":{"start":{"line":85,"column":11},"end":{"line":85,"column":71}},"39":{"start":{"line":88,"column":8},"end":{"line":88,"column":56}},"40":{"start":{"line":92,"column":4},"end":{"line":92,"column":16}},"41":{"start":{"line":96,"column":4},"end":{"line":131,"column":5}},"42":{"start":{"line":97,"column":20},"end":{"line":97,"column":49}},"43":{"start":{"line":98,"column":6},"end":{"line":98,"column":37}},"44":{"start":{"line":98,"column":30},"end":{"line":98,"column":37}},"45":{"start":{"line":100,"column":6},"end":{"line":100,"column":75}},"46":{"start":{"line":103,"column":29},"end":{"line":103,"column":49}},"47":{"start":{"line":104,"column":29},"end":{"line":104,"column":31}},"48":{"start":{"line":106,"column":6},"end":{"line":118,"column":7}},"49":{"start":{"line":107,"column":26},"end":{"line":110,"column":28}},"50":{"start":{"line":112,"column":8},"end":{"line":117,"column":9}},"51":{"start":{"line":113,"column":10},"end":{"line":113,"column":71}},"52":{"start":{"line":114,"column":10},"end":{"line":114,"column":36}},"53":{"start":{"line":116,"column":10},"end":{"line":116,"column":81}},"54":{"start":{"line":121,"column":6},"end":{"line":121,"column":60}},"55":{"start":{"line":124,"column":25},"end":{"line":124,"column":63}},"56":{"start":{"line":125,"column":6},"end":{"line":128,"column":7}},"57":{"start":{"line":126,"column":8},"end":{"line":126,"column":36}},"58":{"start":{"line":127,"column":8},"end":{"line":127,"column":38}},"59":{"start":{"line":130,"column":6},"end":{"line":130,"column":58}}},"fnMap":{"0":{"name":"(anonymous_0)","decl":{"start":{"line":10,"column":2},"end":{"line":10,"column":3}},"loc":{"start":{"line":10,"column":16},"end":{"line":13,"column":3}},"line":10},"1":{"name":"(anonymous_1)","decl":{"start":{"line":15,"column":2},"end":{"line":15,"column":3}},"loc":{"start":{"line":15,"column":25},"end":{"line":21,"column":3}},"line":15},"2":{"name":"(anonymous_2)","decl":{"start":{"line":23,"column":2},"end":{"line":23,"column":3}},"loc":{"start":{"line":23,"column":27},"end":{"line":39,"column":3}},"line":23},"3":{"name":"(anonymous_3)","decl":{"start":{"line":41,"column":0},"end":{"line":41,"column":1}},"loc":{"start":{"line":41,"column":52},"end":{"line":93,"column":3}},"line":41},"4":{"name":"(anonymous_4)","decl":{"start":{"line":62,"column":38},"end":{"line":62,"column":39}},"loc":{"start":{"line":62,"column":43},"end":{"line":62,"column":54}},"line":62},"5":{"name":"(anonymous_5)","decl":{"start":{"line":83,"column":38},"end":{"line":83,"column":39}},"loc":{"start":{"line":83,"column":43},"end":{"line":83,"column":54}},"line":83},"6":{"name":"(anonymous_6)","decl":{"start":{"line":95,"column":2},"end":{"line":95,"column":3}},"loc":{"start":{"line":95,"column":29},"end":{"line":132,"column":3}},"line":95}},"branchMap":{"0":{"loc":{"start":{"line":17,"column":4},"end":{"line":19,"column":5}},"type":"if","locations":[{"start":{"line":17,"column":4},"end":{"line":19,"column":5}},{"start":{},"end":{}}],"line":17},"1":{"loc":{"start":{"line":20,"column":11},"end":{"line":20,"column":71}},"type":"cond-expr","locations":[{"start":{"line":20,"column":29},"end":{"line":20,"column":33}},{"start":{"line":20,"column":36},"end":{"line":20,"column":71}}],"line":20},"2":{"loc":{"start":{"line":29,"column":4},"end":{"line":31,"column":5}},"type":"if","locations":[{"start":{"line":29,"column":4},"end":{"line":31,"column":5}},{"start":{},"end":{}}],"line":29},"3":{"loc":{"start":{"line":34,"column":4},"end":{"line":37,"column":5}},"type":"if","locations":[{"start":{"line":34,"column":4},"end":{"line":37,"column":5}},{"start":{},"end":{}}],"line":34},"4":{"loc":{"start":{"line":54,"column":4},"end":{"line":77,"column":5}},"type":"if","locations":[{"start":{"line":54,"column":4},"end":{"line":77,"column":5}},{"start":{},"end":{}}],"line":54},"5":{"loc":{"start":{"line":64,"column":8},"end":{"line":71,"column":9}},"type":"if","locations":[{"start":{"line":64,"column":8},"end":{"line":71,"column":9}},{"start":{},"end":{}}],"line":64},"6":{"loc":{"start":{"line":65,"column":10},"end":{"line":69,"column":11}},"type":"if","locations":[{"start":{"line":65,"column":10},"end":{"line":69,"column":11}},{"start":{"line":67,"column":17},"end":{"line":69,"column":11}}],"line":65},"7":{"loc":{"start":{"line":81,"column":6},"end":{"line":89,"column":7}},"type":"if","locations":[{"start":{"line":81,"column":6},"end":{"line":89,"column":7}},{"start":{"line":87,"column":13},"end":{"line":89,"column":7}}],"line":81},"8":{"loc":{"start":{"line":84,"column":8},"end":{"line":86,"column":9}},"type":"if","locations":[{"start":{"line":84,"column":8},"end":{"line":86,"column":9}},{"start":{},"end":{}}],"line":84},"9":{"loc":{"start":{"line":98,"column":6},"end":{"line":98,"column":37}},"type":"if","locations":[{"start":{"line":98,"column":6},"end":{"line":98,"column":37}},{"start":{},"end":{}}],"line":98},"10":{"loc":{"start":{"line":112,"column":8},"end":{"line":117,"column":9}},"type":"if","locations":[{"start":{"line":112,"column":8},"end":{"line":117,"column":9}},{"start":{"line":115,"column":15},"end":{"line":117,"column":9}}],"line":112},"11":{"loc":{"start":{"line":125,"column":6},"end":{"line":128,"column":7}},"type":"if","locations":[{"start":{"line":125,"column":6},"end":{"line":128,"column":7}},{"start":{},"end":{}}],"line":125}},"s":{"0":17,"1":17,"2":4,"3":4,"4":1,"5":3,"6":4,"7":4,"8":1,"9":3,"10":3,"11":1,"12":1,"13":2,"14":8,"15":8,"16":8,"17":7,"18":1,"19":8,"20":5,"21":5,"22":5,"23":5,"24":5,"25":5,"26":4,"27":3,"28":1,"29":3,"30":1,"31":2,"32":3,"33":3,"34":2,"35":2,"36":1,"37":2,"38":1,"39":1,"40":3,"41":4,"42":4,"43":3,"44":1,"45":2,"46":2,"47":2,"48":2,"49":4,"50":4,"51":1,"52":1,"53":3,"54":2,"55":2,"56":2,"57":2,"58":1,"59":2},"f":{"0":17,"1":4,"2":4,"3":8,"4":5,"5":1,"6":4},"b":{"0":[1,2],"1":[1,2],"2":[1,3],"3":[1,2],"4":[5,3],"5":[4,1],"6":[3,1],"7":[2,1],"8":[1,1],"9":[1,2],"10":[1,3],"11":[2,0]},"_coverageSchema":"1a1c01bbd47fc00a2c39e90264f33305004495a9","hash":"383132ca497d0beed91d055ec860f8261598e776"}
,"C:\\Users\\isacr\\Documents\\Modulo IV\\PDM\\P3Trip\\src\\viewmodel\\useHomeViewModel.ts": {"path":"C:\\Users\\isacr\\Documents\\Modulo IV\\PDM\\P3Trip\\src\\viewmodel\\useHomeViewModel.ts","statementMap":{"0":{"start":{"line":5,"column":29},"end":{"line":49,"column":1}},"1":{"start":{"line":6,"column":18},"end":{"line":6,"column":37}},"2":{"start":{"line":8,"column":38},"end":{"line":8,"column":60}},"3":{"start":{"line":9,"column":40},"end":{"line":9,"column":52}},"4":{"start":{"line":10,"column":32},"end":{"line":10,"column":46}},"5":{"start":{"line":12,"column":22},"end":{"line":22,"column":3}},"6":{"start":{"line":13,"column":4},"end":{"line":13,"column":21}},"7":{"start":{"line":14,"column":4},"end":{"line":21,"column":5}},"8":{"start":{"line":15,"column":22},"end":{"line":15,"column":52}},"9":{"start":{"line":16,"column":6},"end":{"line":16,"column":29}},"10":{"start":{"line":18,"column":6},"end":{"line":18,"column":24}},"11":{"start":{"line":20,"column":6},"end":{"line":20,"column":24}},"12":{"start":{"line":24,"column":26},"end":{"line":33,"column":31}},"13":{"start":{"line":25,"column":4},"end":{"line":25,"column":47}},"14":{"start":{"line":25,"column":29},"end":{"line":25,"column":47}},"15":{"start":{"line":27,"column":18},"end":{"line":27,"column":43}},"16":{"start":{"line":28,"column":4},"end":{"line":32,"column":6}},"17":{"start":{"line":30,"column":8},"end":{"line":31,"column":51}},"18":{"start":{"line":35,"column":17},"end":{"line":37,"column":3}},"19":{"start":{"line":36,"column":4},"end":{"line":36,"column":26}},"20":{"start":{"line":39,"column":2},"end":{"line":41,"column":9}},"21":{"start":{"line":40,"column":4},"end":{"line":40,"column":18}},"22":{"start":{"line":43,"column":2},"end":{"line":48,"column":4}}},"fnMap":{"0":{"name":"(anonymous_0)","decl":{"start":{"line":5,"column":29},"end":{"line":5,"column":30}},"loc":{"start":{"line":5,"column":35},"end":{"line":49,"column":1}},"line":5},"1":{"name":"(anonymous_1)","decl":{"start":{"line":12,"column":22},"end":{"line":12,"column":23}},"loc":{"start":{"line":12,"column":34},"end":{"line":22,"column":3}},"line":12},"2":{"name":"(anonymous_2)","decl":{"start":{"line":24,"column":34},"end":{"line":24,"column":35}},"loc":{"start":{"line":24,"column":40},"end":{"line":33,"column":3}},"line":24},"3":{"name":"(anonymous_3)","decl":{"start":{"line":29,"column":6},"end":{"line":29,"column":7}},"loc":{"start":{"line":30,"column":8},"end":{"line":31,"column":51}},"line":30},"4":{"name":"(anonymous_4)","decl":{"start":{"line":35,"column":17},"end":{"line":35,"column":18}},"loc":{"start":{"line":35,"column":36},"end":{"line":37,"column":3}},"line":35},"5":{"name":"(anonymous_5)","decl":{"start":{"line":39,"column":12},"end":{"line":39,"column":13}},"loc":{"start":{"line":39,"column":18},"end":{"line":41,"column":3}},"line":39}},"branchMap":{"0":{"loc":{"start":{"line":25,"column":4},"end":{"line":25,"column":47}},"type":"if","locations":[{"start":{"line":25,"column":4},"end":{"line":25,"column":47}},{"start":{},"end":{}}],"line":25},"1":{"loc":{"start":{"line":30,"column":8},"end":{"line":31,"column":51}},"type":"binary-expr","locations":[{"start":{"line":30,"column":8},"end":{"line":30,"column":45}},{"start":{"line":31,"column":8},"end":{"line":31,"column":51}}],"line":30}},"s":{"0":1,"1":9,"2":9,"3":9,"4":9,"5":9,"6":3,"7":3,"8":3,"9":2,"10":1,"11":3,"12":9,"13":9,"14":7,"15":2,"16":2,"17":6,"18":9,"19":3,"20":9,"21":3,"22":9},"f":{"0":9,"1":3,"2":9,"3":6,"4":3,"5":3},"b":{"0":[7,2],"1":[6,3]},"_coverageSchema":"1a1c01bbd47fc00a2c39e90264f33305004495a9","hash":"8fcc02d441f1e6e62e5838ef596e49438091d70a"}
,"C:\\Users\\isacr\\Documents\\Modulo IV\\PDM\\P3Trip\\src\\viewmodel\\useSavedTripsViewModel.ts": {"path":"C:\\Users\\isacr\\Documents\\Modulo IV\\PDM\\P3Trip\\src\\viewmodel\\useSavedTripsViewModel.ts","statementMap":{"0":{"start":{"line":8,"column":38},"end":{"line":33,"column":1}},"1":{"start":{"line":9,"column":18},"end":{"line":9,"column":37}},"2":{"start":{"line":11,"column":38},"end":{"line":11,"column":60}},"3":{"start":{"line":12,"column":32},"end":{"line":12,"column":46}},"4":{"start":{"line":14,"column":20},"end":{"line":24,"column":3}},"5":{"start":{"line":15,"column":4},"end":{"line":15,"column":21}},"6":{"start":{"line":16,"column":4},"end":{"line":23,"column":5}},"7":{"start":{"line":17,"column":19},"end":{"line":17,"column":51}},"8":{"start":{"line":18,"column":6},"end":{"line":18,"column":26}},"9":{"start":{"line":20,"column":6},"end":{"line":20,"column":24}},"10":{"start":{"line":22,"column":6},"end":{"line":22,"column":24}},"11":{"start":{"line":26,"column":2},"end":{"line":30,"column":4}},"12":{"start":{"line":28,"column":6},"end":{"line":28,"column":18}},"13":{"start":{"line":32,"column":2},"end":{"line":32,"column":52}}},"fnMap":{"0":{"name":"(anonymous_0)","decl":{"start":{"line":8,"column":38},"end":{"line":8,"column":39}},"loc":{"start":{"line":8,"column":44},"end":{"line":33,"column":1}},"line":8},"1":{"name":"(anonymous_1)","decl":{"start":{"line":14,"column":20},"end":{"line":14,"column":21}},"loc":{"start":{"line":14,"column":32},"end":{"line":24,"column":3}},"line":14},"2":{"name":"(anonymous_2)","decl":{"start":{"line":27,"column":16},"end":{"line":27,"column":17}},"loc":{"start":{"line":27,"column":22},"end":{"line":29,"column":5}},"line":27}},"branchMap":{},"s":{"0":1,"1":7,"2":7,"3":7,"4":7,"5":4,"6":4,"7":4,"8":3,"9":1,"10":4,"11":7,"12":3,"13":7},"f":{"0":7,"1":4,"2":3},"b":{},"_coverageSchema":"1a1c01bbd47fc00a2c39e90264f33305004495a9","hash":"bb17b56f75e8b66fcbac824834c7459b985cfcb5"}
,"C:\\Users\\isacr\\Documents\\Modulo IV\\PDM\\P3Trip\\src\\viewmodel\\useTravelDetailsViewModel.ts": {"path":"C:\\Users\\isacr\\Documents\\Modulo IV\\PDM\\P3Trip\\src\\viewmodel\\useTravelDetailsViewModel.ts","statementMap":{"0":{"start":{"line":6,"column":32},"end":{"line":6,"column":54}},"1":{"start":{"line":7,"column":18},"end":{"line":7,"column":37}},"2":{"start":{"line":9,"column":21},"end":{"line":19,"column":3}},"3":{"start":{"line":10,"column":27},"end":{"line":10,"column":34}},"4":{"start":{"line":11,"column":22},"end":{"line":11,"column":37}},"5":{"start":{"line":12,"column":4},"end":{"line":12,"column":26}},"6":{"start":{"line":13,"column":4},"end":{"line":18,"column":5}},"7":{"start":{"line":14,"column":17},"end":{"line":14,"column":70}},"8":{"start":{"line":15,"column":6},"end":{"line":15,"column":42}},"9":{"start":{"line":15,"column":15},"end":{"line":15,"column":42}},"10":{"start":{"line":17,"column":6},"end":{"line":17,"column":33}},"11":{"start":{"line":21,"column":23},"end":{"line":26,"column":3}},"12":{"start":{"line":22,"column":18},"end":{"line":22,"column":33}},"13":{"start":{"line":23,"column":20},"end":{"line":23,"column":67}},"14":{"start":{"line":24,"column":16},"end":{"line":24,"column":76}},"15":{"start":{"line":25,"column":4},"end":{"line":25,"column":46}},"16":{"start":{"line":28,"column":2},"end":{"line":32,"column":4}}},"fnMap":{"0":{"name":"useTravelDetailsViewModel","decl":{"start":{"line":5,"column":16},"end":{"line":5,"column":41}},"loc":{"start":{"line":5,"column":55},"end":{"line":33,"column":1}},"line":5},"1":{"name":"(anonymous_1)","decl":{"start":{"line":9,"column":21},"end":{"line":9,"column":22}},"loc":{"start":{"line":9,"column":33},"end":{"line":19,"column":3}},"line":9},"2":{"name":"(anonymous_2)","decl":{"start":{"line":21,"column":23},"end":{"line":21,"column":24}},"loc":{"start":{"line":21,"column":29},"end":{"line":26,"column":3}},"line":21},"3":{"name":"(anonymous_3)","decl":{"start":{"line":25,"column":36},"end":{"line":25,"column":37}},"loc":{"start":{"line":25,"column":42},"end":{"line":25,"column":44}},"line":25}},"branchMap":{"0":{"loc":{"start":{"line":15,"column":6},"end":{"line":15,"column":42}},"type":"if","locations":[{"start":{"line":15,"column":6},"end":{"line":15,"column":42}},{"start":{},"end":{}}],"line":15}},"s":{"0":9,"1":9,"2":9,"3":3,"4":3,"5":3,"6":3,"7":3,"8":2,"9":1,"10":1,"11":9,"12":2,"13":2,"14":2,"15":2,"16":9},"f":{"0":9,"1":3,"2":2,"3":1},"b":{"0":[1,1]},"_coverageSchema":"1a1c01bbd47fc00a2c39e90264f33305004495a9","hash":"83a9a8e7a2764fca2b283dcedcdaa6f4ab21b345"}
}
