TN:
SF:src\model\repositories\TravelRepository.ts
FN:7,(anonymous_0)
FN:15,(anonymous_1)
FN:29,(anonymous_2)
FN:40,(anonymous_3)
FNF:4
FNH:4
FNDA:3,(anonymous_0)
FNDA:2,(anonymous_1)
FNDA:3,(anonymous_2)
FNDA:2,(anonymous_3)
DA:8,3
DA:10,3
DA:11,1
DA:12,1
DA:15,2
DA:30,3
DA:35,3
DA:36,1
DA:37,1
DA:40,2
LF:10
LH:10
BRDA:10,0,0,1
BRDA:10,0,1,2
BRDA:11,1,0,0
BRDA:11,1,1,1
BRDA:21,2,0,2
BRDA:21,2,1,1
BRDA:22,3,0,2
BRDA:22,3,1,0
BRDA:25,4,0,2
BRDA:25,4,1,1
BRDA:35,5,0,1
BRDA:35,5,1,2
BRDA:36,6,0,0
BRDA:36,6,1,1
BRDA:46,7,0,2
BRDA:46,7,1,2
BRDA:47,8,0,2
BRDA:47,8,1,0
BRF:18
BRH:14
end_of_record
TN:
SF:src\model\services\OfflineStorageService.ts
FN:13,(anonymous_0)
FN:18,(anonymous_1)
FN:22,(anonymous_2)
FN:27,(anonymous_3)
FN:31,(anonymous_4)
FN:34,(anonymous_5)
FN:44,(anonymous_6)
FN:46,(anonymous_7)
FN:51,(anonymous_8)
FN:53,(anonymous_9)
FN:60,(anonymous_10)
FN:62,(anonymous_11)
FN:66,(anonymous_12)
FN:71,(anonymous_13)
FN:75,(anonymous_14)
FN:80,(anonymous_15)
FNF:16
FNH:16
FNDA:2,(anonymous_0)
FNDA:1,(anonymous_1)
FNDA:7,(anonymous_2)
FNDA:4,(anonymous_3)
FNDA:2,(anonymous_4)
FNDA:1,(anonymous_5)
FNDA:1,(anonymous_6)
FNDA:1,(anonymous_7)
FNDA:2,(anonymous_8)
FNDA:1,(anonymous_9)
FNDA:1,(anonymous_10)
FNDA:1,(anonymous_11)
FNDA:4,(anonymous_12)
FNDA:4,(anonymous_13)
FNDA:3,(anonymous_14)
FNDA:1,(anonymous_15)
DA:6,5
DA:14,2
DA:15,2
DA:19,1
DA:23,7
DA:24,6
DA:28,4
DA:32,2
DA:33,2
DA:34,1
DA:35,1
DA:36,1
DA:37,1
DA:38,1
DA:40,1
DA:45,1
DA:46,1
DA:47,1
DA:48,1
DA:52,2
DA:53,2
DA:54,2
DA:55,1
DA:56,1
DA:61,1
DA:62,1
DA:63,1
DA:67,4
DA:68,4
DA:72,4
DA:76,3
DA:77,3
DA:81,1
LF:33
LH:33
BRDA:15,0,0,1
BRDA:15,0,1,1
BRDA:24,1,0,5
BRDA:24,1,1,1
BRDA:35,2,0,0
BRDA:35,2,1,1
BRDA:38,3,0,0
BRDA:38,3,1,1
BRDA:40,4,0,0
BRDA:40,4,1,1
BRDA:54,5,0,1
BRDA:54,5,1,1
BRDA:68,6,0,3
BRDA:68,6,1,1
BRF:14
BRH:11
end_of_record
TN:
SF:src\model\services\StorageService.ts
FN:6,(anonymous_0)
FN:23,(anonymous_1)
FN:36,(anonymous_2)
FNF:3
FNH:3
FNDA:1,(anonymous_0)
FNDA:2,(anonymous_1)
FNDA:2,(anonymous_2)
DA:7,1
DA:9,1
DA:10,2
DA:15,2
DA:16,2
DA:19,1
DA:24,2
DA:31,2
DA:32,1
DA:37,2
DA:42,2
DA:44,1
LF:12
LH:12
BRDA:15,0,0,2
BRDA:15,0,1,0
BRDA:31,1,0,1
BRDA:31,1,1,1
BRDA:42,2,0,1
BRDA:42,2,1,1
BRF:6
BRH:5
end_of_record
TN:
SF:src\model\services\TravelService.ts
FN:10,(anonymous_0)
FN:15,(anonymous_1)
FN:23,(anonymous_2)
FN:41,(anonymous_3)
FN:62,(anonymous_4)
FN:83,(anonymous_5)
FN:95,(anonymous_6)
FNF:7
FNH:7
FNDA:11,(anonymous_0)
FNDA:3,(anonymous_1)
FNDA:3,(anonymous_2)
FNDA:4,(anonymous_3)
FNDA:2,(anonymous_4)
FNDA:1,(anonymous_5)
FNDA:3,(anonymous_6)
DA:11,11
DA:12,11
DA:16,3
DA:17,3
DA:18,1
DA:20,3
DA:25,3
DA:29,3
DA:30,1
DA:33,2
DA:34,2
DA:35,1
DA:36,1
DA:38,1
DA:42,4
DA:44,4
DA:45,4
DA:49,4
DA:51,0
DA:54,4
DA:57,2
DA:60,2
DA:61,2
DA:62,2
DA:64,2
DA:65,2
DA:66,1
DA:68,1
DA:70,2
DA:73,0
DA:76,0
DA:80,2
DA:81,2
DA:82,1
DA:83,1
DA:84,1
DA:85,1
DA:88,1
DA:92,2
DA:96,3
DA:97,3
DA:98,3
DA:100,2
DA:103,2
DA:104,2
DA:106,2
DA:107,3
DA:112,3
DA:113,1
DA:114,1
DA:116,2
DA:121,2
DA:124,2
DA:125,1
DA:126,1
DA:129,0
LF:56
LH:52
BRDA:17,0,0,1
BRDA:17,0,1,2
BRDA:20,1,0,1
BRDA:20,1,1,2
BRDA:29,2,0,1
BRDA:29,2,1,2
BRDA:34,3,0,1
BRDA:34,3,1,1
BRDA:54,4,0,2
BRDA:54,4,1,2
BRDA:57,5,0,0
BRDA:57,5,1,2
BRDA:64,6,0,2
BRDA:64,6,1,0
BRDA:65,7,0,1
BRDA:65,7,1,1
BRDA:73,8,0,0
BRDA:73,8,1,0
BRDA:81,9,0,1
BRDA:81,9,1,1
BRDA:84,10,0,1
BRDA:84,10,1,0
BRDA:98,11,0,1
BRDA:98,11,1,2
BRDA:100,12,0,0
BRDA:100,12,1,2
BRDA:112,13,0,1
BRDA:112,13,1,2
BRDA:113,14,0,0
BRDA:113,14,1,1
BRDA:116,15,0,0
BRDA:116,15,1,2
BRDA:124,16,0,1
BRDA:124,16,1,1
BRDA:129,17,0,0
BRDA:129,17,1,0
BRF:36
BRH:26
end_of_record
TN:
SF:src\viewmodel\useHomeViewModel.ts
FN:5,(anonymous_0)
FN:12,(anonymous_1)
FN:26,(anonymous_2)
FN:32,(anonymous_3)
FN:39,(anonymous_4)
FNF:5
FNH:5
FNDA:7,(anonymous_0)
FNDA:2,(anonymous_1)
FNDA:3,(anonymous_2)
FNDA:6,(anonymous_3)
FNDA:2,(anonymous_4)
DA:5,1
DA:6,7
DA:8,7
DA:9,7
DA:10,7
DA:12,7
DA:13,2
DA:14,2
DA:15,2
DA:16,2
DA:17,2
DA:19,0
DA:20,0
DA:22,2
DA:26,7
DA:27,3
DA:28,1
DA:29,1
DA:31,2
DA:32,2
DA:33,6
DA:36,2
DA:39,7
DA:40,2
DA:43,7
LF:25
LH:23
BRDA:27,0,0,1
BRDA:27,0,1,2
BRDA:33,1,0,6
BRDA:33,1,1,3
BRF:4
BRH:4
end_of_record
TN:
SF:src\viewmodel\useSavedTripsViewModel.ts
FN:8,(anonymous_0)
FN:14,(anonymous_1)
FN:27,(anonymous_2)
FNF:3
FNH:3
FNDA:7,(anonymous_0)
FNDA:4,(anonymous_1)
FNDA:3,(anonymous_2)
DA:8,1
DA:9,7
DA:11,7
DA:12,7
DA:14,7
DA:15,4
DA:16,4
DA:17,4
DA:18,3
DA:20,1
DA:22,4
DA:26,7
DA:28,3
DA:32,7
LF:14
LH:14
BRF:0
BRH:0
end_of_record
TN:
SF:src\viewmodel\useTravelDetailsViewModel.ts
FN:5,useTravelDetailsViewModel
FN:9,(anonymous_1)
FN:21,(anonymous_2)
FN:25,(anonymous_3)
FNF:4
FNH:3
FNDA:8,useTravelDetailsViewModel
FNDA:3,(anonymous_1)
FNDA:1,(anonymous_2)
FNDA:0,(anonymous_3)
DA:6,8
DA:7,8
DA:9,8
DA:10,3
DA:11,3
DA:12,3
DA:13,3
DA:14,3
DA:15,2
DA:17,1
DA:21,8
DA:22,1
DA:23,1
DA:24,1
DA:25,1
DA:28,8
LF:16
LH:16
BRDA:15,0,0,1
BRDA:15,0,1,1
BRF:2
BRH:2
end_of_record
