TN:
SF:src\model\repositories\TravelRepository.ts
FN:7,(anonymous_0)
FN:15,(anonymous_1)
FN:29,(anonymous_2)
FN:40,(anonymous_3)
FNF:4
FNH:4
FNDA:3,(anonymous_0)
FNDA:2,(anonymous_1)
FNDA:3,(anonymous_2)
FNDA:2,(anonymous_3)
DA:8,3
DA:10,3
DA:11,1
DA:12,1
DA:15,2
DA:30,3
DA:35,3
DA:36,1
DA:37,1
DA:40,2
LF:10
LH:10
BRDA:10,0,0,1
BRDA:10,0,1,2
BRDA:21,1,0,2
BRDA:21,1,1,1
BRDA:22,2,0,2
BRDA:22,2,1,1
BRDA:25,3,0,2
BRDA:25,3,1,1
BRDA:35,4,0,1
BRDA:35,4,1,2
BRDA:46,5,0,2
BRDA:46,5,1,2
BRDA:47,6,0,2
BRDA:47,6,1,1
BRF:14
BRH:14
end_of_record
TN:
SF:src\model\services\OfflineStorageService.ts
FN:13,(anonymous_0)
FN:18,(anonymous_1)
FN:22,(anonymous_2)
FN:27,(anonymous_3)
FN:31,(anonymous_4)
FN:34,(anonymous_5)
FN:44,(anonymous_6)
FN:46,(anonymous_7)
FN:51,(anonymous_8)
FN:53,(anonymous_9)
FN:60,(anonymous_10)
FN:62,(anonymous_11)
FN:66,(anonymous_12)
FN:71,(anonymous_13)
FN:75,(anonymous_14)
FN:80,(anonymous_15)
FNF:16
FNH:16
FNDA:2,(anonymous_0)
FNDA:1,(anonymous_1)
FNDA:8,(anonymous_2)
FNDA:5,(anonymous_3)
FNDA:3,(anonymous_4)
FNDA:2,(anonymous_5)
FNDA:1,(anonymous_6)
FNDA:1,(anonymous_7)
FNDA:2,(anonymous_8)
FNDA:1,(anonymous_9)
FNDA:1,(anonymous_10)
FNDA:2,(anonymous_11)
FNDA:5,(anonymous_12)
FNDA:4,(anonymous_13)
FNDA:3,(anonymous_14)
FNDA:1,(anonymous_15)
DA:6,5
DA:14,2
DA:15,2
DA:19,1
DA:23,8
DA:24,7
DA:28,5
DA:32,3
DA:33,3
DA:34,2
DA:35,2
DA:36,2
DA:37,2
DA:38,2
DA:40,1
DA:45,1
DA:46,1
DA:47,1
DA:48,1
DA:52,2
DA:53,2
DA:54,2
DA:55,1
DA:56,1
DA:61,1
DA:62,2
DA:63,1
DA:67,5
DA:68,5
DA:72,4
DA:76,3
DA:77,3
DA:81,1
LF:33
LH:33
BRDA:15,0,0,1
BRDA:15,0,1,1
BRDA:24,1,0,6
BRDA:24,1,1,1
BRDA:35,2,0,1
BRDA:35,2,1,1
BRDA:54,3,0,1
BRDA:54,3,1,1
BRDA:68,4,0,4
BRDA:68,4,1,1
BRF:10
BRH:10
end_of_record
TN:
SF:src\model\services\StorageService.ts
FN:6,(anonymous_0)
FN:23,(anonymous_1)
FN:36,(anonymous_2)
FNF:3
FNH:3
FNDA:2,(anonymous_0)
FNDA:2,(anonymous_1)
FNDA:2,(anonymous_2)
DA:7,2
DA:9,2
DA:10,4
DA:15,4
DA:16,3
DA:19,2
DA:24,2
DA:31,2
DA:32,1
DA:37,2
DA:42,2
DA:44,1
LF:12
LH:12
BRDA:15,0,0,3
BRDA:15,0,1,1
BRDA:31,1,0,1
BRDA:31,1,1,1
BRDA:42,2,0,1
BRDA:42,2,1,1
BRF:6
BRH:6
end_of_record
TN:
SF:src\model\services\TravelService.ts
FN:10,(anonymous_0)
FN:15,(anonymous_1)
FN:23,(anonymous_2)
FN:41,(anonymous_3)
FN:62,(anonymous_4)
FN:83,(anonymous_5)
FN:95,(anonymous_6)
FNF:7
FNH:7
FNDA:17,(anonymous_0)
FNDA:4,(anonymous_1)
FNDA:4,(anonymous_2)
FNDA:8,(anonymous_3)
FNDA:5,(anonymous_4)
FNDA:1,(anonymous_5)
FNDA:4,(anonymous_6)
DA:11,17
DA:12,17
DA:16,4
DA:17,4
DA:18,1
DA:20,3
DA:25,4
DA:29,4
DA:30,1
DA:33,3
DA:34,3
DA:35,1
DA:36,1
DA:38,2
DA:42,8
DA:44,8
DA:45,8
DA:49,7
DA:51,1
DA:54,8
DA:57,5
DA:60,5
DA:61,5
DA:62,5
DA:64,5
DA:65,4
DA:66,3
DA:68,1
DA:70,3
DA:73,1
DA:76,2
DA:80,3
DA:81,3
DA:82,2
DA:83,2
DA:84,2
DA:85,1
DA:88,1
DA:92,3
DA:96,4
DA:97,4
DA:98,3
DA:100,2
DA:103,2
DA:104,2
DA:106,2
DA:107,4
DA:112,4
DA:113,1
DA:114,1
DA:116,3
DA:121,2
DA:124,2
DA:125,2
DA:126,2
DA:127,1
DA:130,2
LF:57
LH:57
BRDA:17,0,0,1
BRDA:17,0,1,2
BRDA:20,1,0,1
BRDA:20,1,1,2
BRDA:29,2,0,1
BRDA:29,2,1,3
BRDA:34,3,0,1
BRDA:34,3,1,2
BRDA:54,4,0,5
BRDA:54,4,1,3
BRDA:64,5,0,4
BRDA:64,5,1,1
BRDA:65,6,0,3
BRDA:65,6,1,1
BRDA:81,7,0,2
BRDA:81,7,1,1
BRDA:84,8,0,1
BRDA:84,8,1,1
BRDA:98,9,0,1
BRDA:98,9,1,2
BRDA:112,10,0,1
BRDA:112,10,1,3
BRDA:125,11,0,2
BRDA:125,11,1,0
BRF:24
BRH:23
end_of_record
TN:
SF:src\viewmodel\useHomeViewModel.ts
FN:5,(anonymous_0)
FN:12,(anonymous_1)
FN:24,(anonymous_2)
FN:29,(anonymous_3)
FN:35,(anonymous_4)
FN:39,(anonymous_5)
FNF:6
FNH:6
FNDA:9,(anonymous_0)
FNDA:3,(anonymous_1)
FNDA:9,(anonymous_2)
FNDA:6,(anonymous_3)
FNDA:3,(anonymous_4)
FNDA:3,(anonymous_5)
DA:5,1
DA:6,9
DA:8,9
DA:9,9
DA:10,9
DA:12,9
DA:13,3
DA:14,3
DA:15,3
DA:16,2
DA:18,1
DA:20,3
DA:24,9
DA:25,9
DA:27,2
DA:28,2
DA:30,6
DA:35,9
DA:36,3
DA:39,9
DA:40,3
DA:43,9
LF:22
LH:22
BRDA:25,0,0,7
BRDA:25,0,1,2
BRDA:30,1,0,6
BRDA:30,1,1,3
BRF:4
BRH:4
end_of_record
TN:
SF:src\viewmodel\useSavedTripsViewModel.ts
FN:8,(anonymous_0)
FN:14,(anonymous_1)
FN:27,(anonymous_2)
FNF:3
FNH:3
FNDA:7,(anonymous_0)
FNDA:4,(anonymous_1)
FNDA:3,(anonymous_2)
DA:8,1
DA:9,7
DA:11,7
DA:12,7
DA:14,7
DA:15,4
DA:16,4
DA:17,4
DA:18,3
DA:20,1
DA:22,4
DA:26,7
DA:28,3
DA:32,7
LF:14
LH:14
BRF:0
BRH:0
end_of_record
TN:
SF:src\viewmodel\useTravelDetailsViewModel.ts
FN:5,useTravelDetailsViewModel
FN:9,(anonymous_1)
FN:21,(anonymous_2)
FN:25,(anonymous_3)
FNF:4
FNH:4
FNDA:9,useTravelDetailsViewModel
FNDA:3,(anonymous_1)
FNDA:2,(anonymous_2)
FNDA:1,(anonymous_3)
DA:6,9
DA:7,9
DA:9,9
DA:10,3
DA:11,3
DA:12,3
DA:13,3
DA:14,3
DA:15,2
DA:17,1
DA:21,9
DA:22,2
DA:23,2
DA:24,2
DA:25,2
DA:28,9
LF:16
LH:16
BRDA:15,0,0,1
BRDA:15,0,1,1
BRF:2
BRH:2
end_of_record
